# JRE version: Java(TM) SE Runtime Environment (8.0_66-b18) (build 1.8.0_66-b18)
# Java VM: Java HotSpot(TM) 64-Bit Server VM (25.66-b18 mixed mode windows-amd64 compressed oops)
Heap:
 PSYoungGen      total 50688K, used 15557K [0x00000007bc400000, 0x00000007c0000000, 0x00000007c0000000)
  eden space 39936K, 32% used [0x00000007bc400000,0x00000007bd0dc808,0x00000007beb00000)
  from space 10752K, 22% used [0x00000007bf580000,0x00000007bf7d4cd8,0x00000007c0000000)
  to   space 10752K, 0% used [0x00000007beb00000,0x00000007beb00000,0x00000007bf580000)
 ParOldGen       total 193024K, used 159094K [0x0000000700000000, 0x000000070bc80000, 0x00000007bc400000)
  object space 193024K, 82% used [0x0000000700000000,0x0000000709b5db90,0x000000070bc80000)
 Metaspace       used 65174K, capacity 65939K, committed 66176K, reserved 1107968K
  class space    used 8384K, capacity 8519K, committed 8576K, reserved 1048576K
GC Heap History (10 events):
Event: 11738.272 GC heap before
{Heap before GC invocations=925 (full 21):
 PSYoungGen      total 50688K, used 46687K [0x00000007bc400000, 0x00000007c0000000, 0x00000007c0000000)
  eden space 39936K, 100% used [0x00000007bc400000,0x00000007beb00000,0x00000007beb00000)
  from space 10752K, 62% used [0x00000007beb00000,0x00000007bf197d38,0x00000007bf580000)
  to   space 10240K, 0% used [0x00000007bf600000,0x00000007bf600000,0x00000007c0000000)
 ParOldGen       total 193024K, used 154068K [0x0000000700000000, 0x000000070bc80000, 0x00000007bc400000)
  object space 193024K, 79% used [0x0000000700000000,0x0000000709675270,0x000000070bc80000)
 Metaspace       used 65172K, capacity 65939K, committed 66176K, reserved 1107968K
  class space    used 8384K, capacity 8519K, committed 8576K, reserved 1048576K
Event: 11738.279 GC heap after
Heap after GC invocations=925 (full 21):
 PSYoungGen      total 51200K, used 6467K [0x00000007bc400000, 0x00000007c0000000, 0x00000007c0000000)
  eden space 40960K, 0% used [0x00000007bc400000,0x00000007bc400000,0x00000007bec00000)
  from space 10240K, 63% used [0x00000007bf600000,0x00000007bfc50cb0,0x00000007c0000000)
  to   space 10240K, 0% used [0x00000007bec00000,0x00000007bec00000,0x00000007bf600000)
 ParOldGen       total 193024K, used 154436K [0x0000000700000000, 0x000000070bc80000, 0x00000007bc400000)
  object space 193024K, 80% used [0x0000000700000000,0x00000007096d1270,0x000000070bc80000)
 Metaspace       used 65172K, capacity 65939K, committed 66176K, reserved 1107968K
  class space    used 8384K, capacity 8519K, committed 8576K, reserved 1048576K
}
Event: 11738.792 GC heap before
{Heap before GC invocations=926 (full 21):
 PSYoungGen      total 51200K, used 47427K [0x00000007bc400000, 0x00000007c0000000, 0x00000007c0000000)
  eden space 40960K, 100% used [0x00000007bc400000,0x00000007bec00000,0x00000007bec00000)
  from space 10240K, 63% used [0x00000007bf600000,0x00000007bfc50cb0,0x00000007c0000000)
  to   space 10240K, 0% used [0x00000007bec00000,0x00000007bec00000,0x00000007bf600000)
 ParOldGen       total 193024K, used 154436K [0x0000000700000000, 0x000000070bc80000, 0x00000007bc400000)
  object space 193024K, 80% used [0x0000000700000000,0x00000007096d1270,0x000000070bc80000)
 Metaspace       used 65172K, capacity 65939K, committed 66176K, reserved 1107968K
  class space    used 8384K, capacity 8519K, committed 8576K, reserved 1048576K
Event: 11738.798 GC heap after
Heap after GC invocations=926 (full 21):
 PSYoungGen      total 51200K, used 6371K [0x00000007bc400000, 0x00000007c0000000, 0x00000007c0000000)
  eden space 40960K, 0% used [0x00000007bc400000,0x00000007bc400000,0x00000007bec00000)
  from space 10240K, 62% used [0x00000007bec00000,0x00000007bf238cb0,0x00000007bf600000)
  to   space 9728K, 0% used [0x00000007bf680000,0x00000007bf680000,0x00000007c0000000)
 ParOldGen       total 193024K, used 154596K [0x0000000700000000, 0x000000070bc80000, 0x00000007bc400000)
  object space 193024K, 80% used [0x0000000700000000,0x00000007096f9270,0x000000070bc80000)
 Metaspace       used 65172K, capacity 65939K, committed 66176K, reserved 1107968K
  class space    used 8384K, capacity 8519K, committed 8576K, reserved 1048576K
}
Event: 11741.348 GC heap before
{Heap before GC invocations=927 (full 21):
 PSYoungGen      total 51200K, used 47331K [0x00000007bc400000, 0x00000007c0000000, 0x00000007c0000000)
  eden space 40960K, 100% used [0x00000007bc400000,0x00000007bec00000,0x00000007bec00000)
  from space 10240K, 62% used [0x00000007bec00000,0x00000007bf238cb0,0x00000007bf600000)
  to   space 9728K, 0% used [0x00000007bf680000,0x00000007bf680000,0x00000007c0000000)
 ParOldGen       total 193024K, used 154596K [0x0000000700000000, 0x000000070bc80000, 0x00000007bc400000)
  object space 193024K, 80% used [0x0000000700000000,0x00000007096f9270,0x000000070bc80000)
 Metaspace       used 65174K, capacity 65939K, committed 66176K, reserved 1107968K
  class space    used 8384K, capacity 8519K, committed 8576K, reserved 1048576K
Event: 11741.354 GC heap after
Heap after GC invocations=927 (full 21):
 PSYoungGen      total 50688K, used 3598K [0x00000007bc400000, 0x00000007c0000000, 0x00000007c0000000)
  eden space 40960K, 0% used [0x00000007bc400000,0x00000007bc400000,0x00000007bec00000)
  from space 9728K, 36% used [0x00000007bf680000,0x00000007bfa03a70,0x00000007c0000000)
  to   space 10240K, 0% used [0x00000007bec00000,0x00000007bec00000,0x00000007bf600000)
 ParOldGen       total 193024K, used 157316K [0x0000000700000000, 0x000000070bc80000, 0x00000007bc400000)
  object space 193024K, 81% used [0x0000000700000000,0x00000007099a1180,0x000000070bc80000)
 Metaspace       used 65174K, capacity 65939K, committed 66176K, reserved 1107968K
  class space    used 8384K, capacity 8519K, committed 8576K, reserved 1048576K
}
Event: 11758.441 GC heap before
{Heap before GC invocations=928 (full 21):
 PSYoungGen      total 50688K, used 44558K [0x00000007bc400000, 0x00000007c0000000, 0x00000007c0000000)
  eden space 40960K, 100% used [0x00000007bc400000,0x00000007bec00000,0x00000007bec00000)
  from space 9728K, 36% used [0x00000007bf680000,0x00000007bfa03a70,0x00000007c0000000)
  to   space 10240K, 0% used [0x00000007bec00000,0x00000007bec00000,0x00000007bf600000)
 ParOldGen       total 193024K, used 157316K [0x0000000700000000, 0x000000070bc80000, 0x00000007bc400000)
  object space 193024K, 81% used [0x0000000700000000,0x00000007099a1180,0x000000070bc80000)
 Metaspace       used 65174K, capacity 65939K, committed 66176K, reserved 1107968K
  class space    used 8384K, capacity 8519K, committed 8576K, reserved 1048576K
Event: 11758.455 GC heap after
Heap after GC invocations=928 (full 21):
 PSYoungGen      total 43520K, used 2214K [0x00000007bc400000, 0x00000007c0000000, 0x00000007c0000000)
  eden space 40960K, 0% used [0x00000007bc400000,0x00000007bc400000,0x00000007bec00000)
  from space 2560K, 86% used [0x00000007bec00000,0x00000007bee29860,0x00000007bee80000)
  to   space 10752K, 0% used [0x00000007bf580000,0x00000007bf580000,0x00000007c0000000)
 ParOldGen       total 193024K, used 158817K [0x0000000700000000, 0x000000070bc80000, 0x00000007bc400000)
  object space 193024K, 82% used [0x0000000700000000,0x0000000709b185e0,0x000000070bc80000)
 Metaspace       used 65174K, capacity 65939K, committed 66176K, reserved 1107968K
  class space    used 8384K, capacity 8519K, committed 8576K, reserved 1048576K
}
Event: 11786.604 GC heap before
{Heap before GC invocations=929 (full 21):
 PSYoungGen      total 43520K, used 43174K [0x00000007bc400000, 0x00000007c0000000, 0x00000007c0000000)
  eden space 40960K, 100% used [0x00000007bc400000,0x00000007bec00000,0x00000007bec00000)
  from space 2560K, 86% used [0x00000007bec00000,0x00000007bee29860,0x00000007bee80000)
  to   space 10752K, 0% used [0x00000007bf580000,0x00000007bf580000,0x00000007c0000000)
 ParOldGen       total 193024K, used 158817K [0x0000000700000000, 0x000000070bc80000, 0x00000007bc400000)
  object space 193024K, 82% used [0x0000000700000000,0x0000000709b185e0,0x000000070bc80000)
 Metaspace       used 65174K, capacity 65939K, committed 66176K, reserved 1107968K
  class space    used 8384K, capacity 8519K, committed 8576K, reserved 1048576K
Event: 11786.608 GC heap after
Heap after GC invocations=929 (full 21):
 PSYoungGen      total 50688K, used 2387K [0x00000007bc400000, 0x00000007c0000000, 0x00000007c0000000)
  eden space 39936K, 0% used [0x00000007bc400000,0x00000007bc400000,0x00000007beb00000)
  from space 10752K, 22% used [0x00000007bf580000,0x00000007bf7d4cd8,0x00000007c0000000)
  to   space 10752K, 0% used [0x00000007beb00000,0x00000007beb00000,0x00000007bf580000)
 ParOldGen       total 193024K, used 159094K [0x0000000700000000, 0x000000070bc80000, 0x00000007bc400000)
  object space 193024K, 82% used [0x0000000700000000,0x0000000709b5db90,0x000000070bc80000)
 Metaspace       used 65174K, capacity 65939K, committed 66176K, reserved 1107968K
  class space    used 8384K, capacity 8519K, committed 8576K, reserved 1048576K
}

